2025-07-21 15:59:54,250 INFO [app.py:40 <module>] App starting at 2025-07-21 15:59:54.250315
2025-07-21 15:59:54,251 INFO [app.py:41 <module>] Dash version: 3.1.1
2025-07-21 15:59:54,251 INFO [app.py:42 <module>] Dash-leaflet version: 1.1.3
2025-07-21 15:59:54,251 INFO [app.py:43 <module>] ✓ Matplotlib logging optimized for performance
2025-07-21 15:59:54,296 INFO [app.py:49 <module>] Creating app layout...
2025-07-21 15:59:54,345 INFO [app.py:345 <module>] App layout created successfully
2025-07-21 15:59:54,345 INFO [app.py:365 <module>] === LAYOUT COMPONENT IDs ===
2025-07-21 15:59:54,345 INFO [app.py:353 log_layout_ids] Found component ID: font-cache-warmed
2025-07-21 15:59:54,345 INFO [app.py:353 log_layout_ids] Found component ID: logo-container
2025-07-21 15:59:54,345 INFO [app.py:353 log_layout_ids] Found component ID: logo-img
2025-07-21 15:59:54,345 INFO [app.py:353 log_layout_ids] Found component ID: light-theme-btn
2025-07-21 15:59:54,345 INFO [app.py:353 log_layout_ids] Found component ID: dark-theme-btn
2025-07-21 15:59:54,345 INFO [app.py:353 log_layout_ids] Found component ID: upload-ags
2025-07-21 15:59:54,345 INFO [app.py:353 log_layout_ids] Found component ID: output-upload
2025-07-21 15:59:54,354 INFO [app.py:353 log_layout_ids] Found component ID: borehole-search-section
2025-07-21 15:59:54,354 INFO [app.py:353 log_layout_ids] Found component ID: borehole-search-dropdown
2025-07-21 15:59:54,354 INFO [app.py:353 log_layout_ids] Found component ID: search-go-btn
2025-07-21 15:59:54,354 INFO [app.py:353 log_layout_ids] Found component ID: search-feedback
2025-07-21 15:59:54,354 INFO [app.py:353 log_layout_ids] Found component ID: borehole-map
2025-07-21 15:59:54,354 INFO [app.py:353 log_layout_ids] Found component ID: borehole-markers
2025-07-21 15:59:54,354 INFO [app.py:353 log_layout_ids] Found component ID: selection-shapes
2025-07-21 15:59:54,354 INFO [app.py:353 log_layout_ids] Found component ID: pca-line-group
2025-07-21 15:59:54,354 INFO [app.py:353 log_layout_ids] Found component ID: draw-feature-group
2025-07-21 15:59:54,354 INFO [app.py:353 log_layout_ids] Found component ID: draw-control
2025-07-21 15:59:54,354 INFO [app.py:353 log_layout_ids] Found component ID: buffer-controls
2025-07-21 15:59:54,354 INFO [app.py:353 log_layout_ids] Found component ID: buffer-input
2025-07-21 15:59:54,354 INFO [app.py:353 log_layout_ids] Found component ID: update-buffer-btn
2025-07-21 15:59:54,354 INFO [app.py:353 log_layout_ids] Found component ID: selected-borehole-info
2025-07-21 15:59:54,354 INFO [app.py:353 log_layout_ids] Found component ID: section-plot-output
2025-07-21 15:59:54,354 INFO [app.py:353 log_layout_ids] Found component ID: log-plot-output
2025-07-21 15:59:54,354 INFO [app.py:353 log_layout_ids] Found component ID: show-labels-checkbox
2025-07-21 15:59:54,354 INFO [app.py:353 log_layout_ids] Found component ID: download-section-btn
2025-07-21 15:59:54,354 INFO [app.py:353 log_layout_ids] Found component ID: download-section-plot
2025-07-21 15:59:54,354 INFO [app.py:353 log_layout_ids] Found component ID: ui-feedback
2025-07-21 15:59:54,354 INFO [app.py:353 log_layout_ids] Found component ID: subselection-checkbox-grid-container
2025-07-21 15:59:54,354 INFO [app.py:353 log_layout_ids] Found component ID: subselection-checkbox-grid
2025-07-21 15:59:54,354 INFO [app.py:353 log_layout_ids] Found component ID: upload-data-store
2025-07-21 15:59:54,354 INFO [app.py:353 log_layout_ids] Found component ID: borehole-data-store
2025-07-21 15:59:54,354 INFO [app.py:353 log_layout_ids] Found component ID: search-selected-borehole
2025-07-21 15:59:54,354 INFO [app.py:367 <module>] === END LAYOUT IDs ===
2025-07-21 15:59:54,354 INFO [app.py:448 <module>] Registering split callbacks...
2025-07-21 15:59:54,359 INFO [callbacks_split.py:2095 register_callbacks] ✅ All split callbacks registered successfully!
2025-07-21 15:59:54,359 INFO [app.py:450 <module>] ✅ All callbacks registered successfully!
2025-07-21 15:59:54,360 INFO [app.py:554 <module>] Opening browser and starting Dash server
2025-07-21 15:59:54,987 INFO [app.py:462 store_upload_data] No upload data to store
2025-07-21 15:59:55,065 INFO [callbacks_split.py:387 handle_file_upload] === FILE UPLOAD CALLBACK ===
2025-07-21 15:59:55,066 INFO [callbacks_split.py:394 handle_file_upload] No file uploaded yet
2025-07-21 15:59:55,085 INFO [callbacks_split.py:802 handle_map_interactions] === MAP INTERACTION CALLBACK ===
2025-07-21 15:59:55,086 INFO [callbacks_split.py:806 handle_map_interactions] Triggered by: draw-control.geojson
2025-07-21 15:59:55,087 WARNING [callbacks_split.py:809 handle_map_interactions] No stored borehole data available
2025-07-21 15:59:55,101 INFO [callbacks_split.py:1718 update_search_dropdown] === UPDATING SEARCH DROPDOWN ===
2025-07-21 15:59:55,101 INFO [callbacks_split.py:1721 update_search_dropdown] No borehole data available for search
2025-07-21 15:59:55,127 INFO [callbacks_split.py:1718 update_search_dropdown] === UPDATING SEARCH DROPDOWN ===
2025-07-21 15:59:55,128 INFO [callbacks_split.py:1721 update_search_dropdown] No borehole data available for search
2025-07-21 16:00:01,653 INFO [app.py:462 store_upload_data] No upload data to store
2025-07-21 16:00:01,664 INFO [callbacks_split.py:387 handle_file_upload] === FILE UPLOAD CALLBACK ===
2025-07-21 16:00:01,664 INFO [callbacks_split.py:394 handle_file_upload] No file uploaded yet
2025-07-21 16:00:01,670 INFO [app.py:462 store_upload_data] No upload data to store
2025-07-21 16:00:01,680 INFO [callbacks_split.py:1718 update_search_dropdown] === UPDATING SEARCH DROPDOWN ===
2025-07-21 16:00:01,681 INFO [callbacks_split.py:1721 update_search_dropdown] No borehole data available for search
2025-07-21 16:00:01,701 INFO [callbacks_split.py:387 handle_file_upload] === FILE UPLOAD CALLBACK ===
2025-07-21 16:00:01,701 INFO [callbacks_split.py:394 handle_file_upload] No file uploaded yet
2025-07-21 16:00:01,740 INFO [callbacks_split.py:1718 update_search_dropdown] === UPDATING SEARCH DROPDOWN ===
2025-07-21 16:00:01,740 INFO [callbacks_split.py:1721 update_search_dropdown] No borehole data available for search
2025-07-21 16:00:02,462 INFO [callbacks_split.py:802 handle_map_interactions] === MAP INTERACTION CALLBACK ===
2025-07-21 16:00:02,475 INFO [callbacks_split.py:806 handle_map_interactions] Triggered by: draw-control.geojson
2025-07-21 16:00:02,479 WARNING [callbacks_split.py:809 handle_map_interactions] No stored borehole data available
2025-07-21 16:00:02,481 INFO [callbacks_split.py:802 handle_map_interactions] === MAP INTERACTION CALLBACK ===
2025-07-21 16:00:02,484 INFO [callbacks_split.py:806 handle_map_interactions] Triggered by: draw-control.geojson
2025-07-21 16:00:02,485 WARNING [callbacks_split.py:809 handle_map_interactions] No stored borehole data available
2025-07-21 16:00:02,492 INFO [callbacks_split.py:1718 update_search_dropdown] === UPDATING SEARCH DROPDOWN ===
2025-07-21 16:00:02,493 INFO [callbacks_split.py:1721 update_search_dropdown] No borehole data available for search
2025-07-21 16:00:02,502 INFO [callbacks_split.py:1718 update_search_dropdown] === UPDATING SEARCH DROPDOWN ===
2025-07-21 16:00:02,503 INFO [callbacks_split.py:1721 update_search_dropdown] No borehole data available for search
